<?xml version="1.0" encoding="UTF-8"?>
<!-- Generated by org.testng.reporters.JUnitXMLReporter -->
<testsuite ignored="0" hostname="DESKTOP-AELALK6" failures="0" tests="17" name="Surefire test" time="26.973" errors="0" timestamp="2025-11-15T07:06:52 IST">
  <testcase classname="APIMethods.POSTExampleTest" name="testPOSTMethod1" time="8.889"/>
  <testcase classname="APIMethods.POSTExampleTest" name="testPOSTMethod2" time="0.697"/>
  <testcase classname="APIMethods.PUTExampleTest" name="testPOSTMethod2" time="0.282"/>
  <testcase classname="APIMethods.PUTExampleTest" name="testPUTMethod1" time="0.444"/>
  <testcase classname="APITest.cucumberTest" name="testAPI" time="0.24"/>
  <testcase classname="APITest.cucumberTest" name="testAPIwithQueryParam" time="0.261"/>
  <testcase classname="APITest.GetAPiTest" name="getAPIExample" time="0.286"/>
  <testcase classname="APITest.getMethodTest" name="GETMethodTesting" time="4.305"/>
  <testcase classname="APITest.getTest" name="getTestMethod" time="0.312"/>
  <testcase classname="Authorizations.basicAuthExampleTest" name="NonPreEmptiveExample" time="2.324"/>
  <testcase classname="Authorizations.basicAuthExampleTest" name="preEmptiveExample" time="2.856"/>
  <testcase classname="Authorizations.bearerTokenExampleTest" name="bearerTokenAuthTest" time="0.936"/>
  <testcase classname="Authorizations.digestAuthExampleTest" name="digestAuthTest" time="1.349"/>
  <testcase classname="oAuth2.oAuthExampleTest" name="generateToken" time="1.261"/>
  <testcase classname="oAuth2.oAuthExampleTest" name="getInvoice" time="1.123"/>
  <testcase classname="POJOExamples.SerializationExampleTest" name="deSerializationTest" time="1.215"/>
  <testcase classname="POJOExamples.SerializationExampleTest" name="serializationTest" time="0.003"/>
</testsuite> <!-- Surefire test -->
