<?xml version="1.0" encoding="UTF-8"?>
<testng-results ignored="0" total="17" passed="17" failed="0" skipped="0">
  <reporter-output>
  </reporter-output>
  <suite started-at="2025-11-15T07:06:24 IST" name="Surefire suite" finished-at="2025-11-15T07:06:51 IST" duration-ms="26973">
    <groups>
    </groups>
    <test started-at="2025-11-15T07:06:24 IST" name="Surefire test" finished-at="2025-11-15T07:06:51 IST" duration-ms="26973">
      <class name="APITest.getMethodTest">
        <test-method signature="GETMethodTesting()[pri:0, instance:APITest.getMethodTest@214b199c]" started-at="2025-11-15T07:06:36 IST" name="GETMethodTesting" finished-at="2025-11-15T07:06:40 IST" duration-ms="4305" status="PASS">
          <reporter-output>
          </reporter-output>
        </test-method> <!-- GETMethodTesting -->
      </class> <!-- APITest.getMethodTest -->
      <class name="APITest.GetAPiTest">
        <test-method signature="getAPIExample()[pri:0, instance:APITest.GetAPiTest@25b485ba]" started-at="2025-11-15T07:06:35 IST" name="getAPIExample" finished-at="2025-11-15T07:06:36 IST" duration-ms="286" status="PASS">
          <reporter-output>
          </reporter-output>
        </test-method> <!-- getAPIExample -->
      </class> <!-- APITest.GetAPiTest -->
      <class name="APITest.getTest">
        <test-method signature="getTestMethod()[pri:0, instance:APITest.getTest@20d3d15a]" started-at="2025-11-15T07:06:40 IST" name="getTestMethod" finished-at="2025-11-15T07:06:40 IST" duration-ms="312" status="PASS">
          <reporter-output>
          </reporter-output>
        </test-method> <!-- getTestMethod -->
      </class> <!-- APITest.getTest -->
      <class name="Authorizations.digestAuthExampleTest">
        <test-method signature="digestAuthTest()[pri:0, instance:Authorizations.digestAuthExampleTest@2c34f934]" started-at="2025-11-15T07:06:46 IST" name="digestAuthTest" finished-at="2025-11-15T07:06:48 IST" duration-ms="1349" status="PASS">
          <reporter-output>
          </reporter-output>
        </test-method> <!-- digestAuthTest -->
      </class> <!-- Authorizations.digestAuthExampleTest -->
      <class name="POJOExamples.SerializationExampleTest">
        <test-method signature="deSerializationTest()[pri:0, instance:POJOExamples.SerializationExampleTest@2ed0fbae]" started-at="2025-11-15T07:06:50 IST" name="deSerializationTest" finished-at="2025-11-15T07:06:51 IST" duration-ms="1215" status="PASS">
          <reporter-output>
          </reporter-output>
        </test-method> <!-- deSerializationTest -->
        <test-method signature="serializationTest()[pri:0, instance:POJOExamples.SerializationExampleTest@2ed0fbae]" started-at="2025-11-15T07:06:51 IST" name="serializationTest" finished-at="2025-11-15T07:06:51 IST" duration-ms="3" status="PASS">
          <reporter-output>
          </reporter-output>
        </test-method> <!-- serializationTest -->
      </class> <!-- POJOExamples.SerializationExampleTest -->
      <class name="Authorizations.basicAuthExampleTest">
        <test-method signature="NonPreEmptiveExample()[pri:0, instance:Authorizations.basicAuthExampleTest@2893de87]" started-at="2025-11-15T07:06:40 IST" name="NonPreEmptiveExample" finished-at="2025-11-15T07:06:43 IST" duration-ms="2324" status="PASS">
          <reporter-output>
          </reporter-output>
        </test-method> <!-- NonPreEmptiveExample -->
        <test-method signature="preEmptiveExample()[pri:0, instance:Authorizations.basicAuthExampleTest@2893de87]" started-at="2025-11-15T07:06:43 IST" name="preEmptiveExample" finished-at="2025-11-15T07:06:45 IST" duration-ms="2856" status="PASS">
          <reporter-output>
          </reporter-output>
        </test-method> <!-- preEmptiveExample -->
      </class> <!-- Authorizations.basicAuthExampleTest -->
      <class name="APIMethods.PUTExampleTest">
        <test-method signature="testPOSTMethod2()[pri:0, instance:APIMethods.PUTExampleTest@75c072cb]" started-at="2025-11-15T07:06:34 IST" name="testPOSTMethod2" finished-at="2025-11-15T07:06:34 IST" duration-ms="282" status="PASS">
          <reporter-output>
          </reporter-output>
        </test-method> <!-- testPOSTMethod2 -->
        <test-method signature="testPUTMethod1()[pri:0, instance:APIMethods.PUTExampleTest@75c072cb]" started-at="2025-11-15T07:06:34 IST" name="testPUTMethod1" finished-at="2025-11-15T07:06:35 IST" duration-ms="444" status="PASS">
          <reporter-output>
          </reporter-output>
        </test-method> <!-- testPUTMethod1 -->
      </class> <!-- APIMethods.PUTExampleTest -->
      <class name="Authorizations.bearerTokenExampleTest">
        <test-method signature="bearerTokenAuthTest()[pri:0, instance:Authorizations.bearerTokenExampleTest@55ca8de8]" started-at="2025-11-15T07:06:45 IST" name="bearerTokenAuthTest" finished-at="2025-11-15T07:06:46 IST" duration-ms="936" status="PASS">
          <reporter-output>
          </reporter-output>
        </test-method> <!-- bearerTokenAuthTest -->
      </class> <!-- Authorizations.bearerTokenExampleTest -->
      <class name="APITest.cucumberTest">
        <test-method signature="testAPI()[pri:0, instance:APITest.cucumberTest@1f1c7bf6]" started-at="2025-11-15T07:06:35 IST" name="testAPI" finished-at="2025-11-15T07:06:35 IST" duration-ms="240" status="PASS">
          <reporter-output>
          </reporter-output>
        </test-method> <!-- testAPI -->
        <test-method signature="testAPIwithQueryParam()[pri:0, instance:APITest.cucumberTest@1f1c7bf6]" started-at="2025-11-15T07:06:35 IST" name="testAPIwithQueryParam" finished-at="2025-11-15T07:06:35 IST" duration-ms="261" status="PASS">
          <reporter-output>
          </reporter-output>
        </test-method> <!-- testAPIwithQueryParam -->
      </class> <!-- APITest.cucumberTest -->
      <class name="APIMethods.POSTExampleTest">
        <test-method signature="testPOSTMethod1()[pri:0, instance:APIMethods.POSTExampleTest@4ae3c1cd]" started-at="2025-11-15T07:06:24 IST" name="testPOSTMethod1" finished-at="2025-11-15T07:06:33 IST" duration-ms="8889" status="PASS">
          <reporter-output>
          </reporter-output>
        </test-method> <!-- testPOSTMethod1 -->
        <test-method signature="testPOSTMethod2()[pri:0, instance:APIMethods.POSTExampleTest@4ae3c1cd]" started-at="2025-11-15T07:06:33 IST" name="testPOSTMethod2" finished-at="2025-11-15T07:06:34 IST" duration-ms="697" status="PASS">
          <reporter-output>
          </reporter-output>
        </test-method> <!-- testPOSTMethod2 -->
      </class> <!-- APIMethods.POSTExampleTest -->
      <class name="oAuth2.oAuthExampleTest">
        <test-method signature="generateToken()[pri:0, instance:oAuth2.oAuthExampleTest@25a65b77]" started-at="2025-11-15T07:06:48 IST" name="generateToken" finished-at="2025-11-15T07:06:49 IST" duration-ms="1261" status="PASS">
          <reporter-output>
          </reporter-output>
        </test-method> <!-- generateToken -->
        <test-method signature="getInvoice()[pri:0, instance:oAuth2.oAuthExampleTest@25a65b77]" started-at="2025-11-15T07:06:49 IST" name="getInvoice" finished-at="2025-11-15T07:06:50 IST" depends-on-methods="oAuth2.oAuthExampleTest.generateToken" duration-ms="1123" status="PASS">
          <reporter-output>
          </reporter-output>
        </test-method> <!-- getInvoice -->
      </class> <!-- oAuth2.oAuthExampleTest -->
    </test> <!-- Surefire test -->
  </suite> <!-- Surefire suite -->
</testng-results>
