<?xml version="1.0" encoding="UTF-8"?>
<testng-results ignored="0" total="2" passed="2" failed="0" skipped="0">
  <reporter-output>
  </reporter-output>
  <suite started-at="2025-11-10T07:30:39 IST" name="Default suite" finished-at="2025-11-10T07:30:47 IST" duration-ms="8290">
    <groups>
    </groups>
    <test started-at="2025-11-10T07:30:39 IST" name="Default test" finished-at="2025-11-10T07:30:47 IST" duration-ms="8290">
      <class name="oAuth2.oAuthExampleTest">
        <test-method signature="generateToken()[pri:0, instance:oAuth2.oAuthExampleTest@22e357dc]" started-at="2025-11-10T07:30:39 IST" name="generateToken" finished-at="2025-11-10T07:30:46 IST" duration-ms="7139" status="PASS">
          <reporter-output>
          </reporter-output>
        </test-method> <!-- generateToken -->
        <test-method signature="getInvoice()[pri:0, instance:oAuth2.oAuthExampleTest@22e357dc]" started-at="2025-11-10T07:30:46 IST" name="getInvoice" finished-at="2025-11-10T07:30:47 IST" depends-on-methods="oAuth2.oAuthExampleTest.generateToken" duration-ms="1006" status="PASS">
          <reporter-output>
          </reporter-output>
        </test-method> <!-- getInvoice -->
      </class> <!-- oAuth2.oAuthExampleTest -->
    </test> <!-- Default test -->
  </suite> <!-- Default suite -->
</testng-results>
