<?xml version="1.0" encoding="UTF-8"?>
<!-- Generated by org.testng.reporters.JUnitReportReporter -->
<testsuite hostname="DESKTOP-AELALK6" failures="0" tests="2" name="APITest.testCucumber" time="5.221" errors="0" timestamp="2025-07-05T22:37:16 IST" skipped="0">
  <testcase classname="APITest.testCucumber" name="testAPI" time="5.079"/>
  <system-out/>
  <testcase classname="APITest.testCucumber" name="testAPIwithQueryParam" time="0.142"/>
  <system-out/>
</testsuite> <!-- APITest.testCucumber -->
