<?xml version="1.0" encoding="UTF-8"?>
<!-- Generated by org.testng.reporters.JUnitReportReporter -->
<testsuite hostname="DESKTOP-AELALK6" failures="0" tests="2" name="Authorizations.basicAuthExample" time="5.906" errors="0" timestamp="2025-11-09T06:50:30 IST" skipped="0">
  <testcase classname="Authorizations.basicAuthExample" name="preEmptiveExample" time="1.314"/>
  <system-out/>
  <testcase classname="Authorizations.basicAuthExample" name="NonPreEmptiveExample" time="4.592"/>
  <system-out/>
</testsuite> <!-- Authorizations.basicAuthExample -->
