<?xml version="1.0" encoding="UTF-8"?>
<!-- Generated by org.testng.reporters.JUnitReportReporter -->
<testsuite hostname="DESKTOP-AELALK6" failures="0" tests="2" name="APIMethods.PUTExample2" time="3.971" errors="0" timestamp="2025-11-08T07:44:15 IST" skipped="0">
  <testcase classname="APIMethods.PUTExample2" name="testPOSTMethod2" time="3.617"/>
  <system-out/>
  <testcase classname="APIMethods.PUTExample2" name="testPUTMethod1" time="0.354"/>
  <system-out/>
</testsuite> <!-- APIMethods.PUTExample2 -->
