<?xml version="1.0" encoding="UTF-8"?>
<!-- Generated by org.testng.reporters.JUnitReportReporter -->
<testsuite hostname="DESKTOP-AELALK6" failures="0" tests="2" name="POJOExamples.SerializationExampleTest" time="0.956" errors="0" timestamp="2025-11-10T07:21:05 IST" skipped="0">
  <testcase classname="POJOExamples.SerializationExampleTest" name="deSerializationTest" time="0.941"/>
  <system-out/>
  <testcase classname="POJOExamples.SerializationExampleTest" name="serializationTest" time="0.015"/>
  <system-out/>
</testsuite> <!-- POJOExamples.SerializationExampleTest -->
