<?xml version="1.0" encoding="UTF-8"?>
<!-- Generated by org.testng.reporters.JUnitReportReporter -->
<testsuite hostname="DESKTOP-AELALK6" failures="0" tests="2" name="oAuth2.oAuthExampleTest" time="8.145" errors="0" timestamp="2025-11-10T07:30:48 IST" skipped="0">
  <testcase classname="oAuth2.oAuthExampleTest" name="generateToken" time="7.139"/>
  <system-out/>
  <testcase classname="oAuth2.oAuthExampleTest" name="getInvoice" time="1.006"/>
  <system-out/>
</testsuite> <!-- oAuth2.oAuthExampleTest -->
