<?xml version="1.0" encoding="UTF-8"?>
<!-- Generated by org.testng.reporters.JUnitReportReporter -->
<testsuite hostname="DESKTOP-AELALK6" failures="0" tests="2" name="POJOExamples.SerializationExampleTest" time="1.218" errors="0" timestamp="2025-11-15T07:06:52 IST" skipped="0">
  <testcase classname="POJOExamples.SerializationExampleTest" name="serializationTest" time="0.003"/>
  <system-out/>
  <testcase classname="POJOExamples.SerializationExampleTest" name="deSerializationTest" time="1.215"/>
  <system-out/>
</testsuite> <!-- POJOExamples.SerializationExampleTest -->
