<?xml version="1.0" encoding="UTF-8"?>
<!-- Generated by org.testng.reporters.JUnitReportReporter -->
<testsuite hostname="DESKTOP-AELALK6" failures="0" tests="2" name="APITest.cucumberTest" time="0.501" errors="0" timestamp="2025-11-15T07:06:52 IST" skipped="0">
  <testcase classname="APITest.cucumberTest" name="testAPIwithQueryParam" time="0.261"/>
  <system-out/>
  <testcase classname="APITest.cucumberTest" name="testAPI" time="0.240"/>
  <system-out/>
</testsuite> <!-- APITest.cucumberTest -->
