<?xml version="1.0" encoding="UTF-8"?>
<!-- Generated by org.testng.reporters.JUnitReportReporter -->
<testsuite hostname="DESKTOP-AELALK6" failures="0" tests="2" name="APIMethods.POSTExampleTest" time="9.586" errors="0" timestamp="2025-11-15T07:06:52 IST" skipped="0">
  <testcase classname="APIMethods.POSTExampleTest" name="testPOSTMethod1" time="8.889"/>
  <system-out/>
  <testcase classname="APIMethods.POSTExampleTest" name="testPOSTMethod2" time="0.697"/>
  <system-out/>
</testsuite> <!-- APIMethods.POSTExampleTest -->
