<?xml version="1.0" encoding="UTF-8"?>
<!-- Generated by org.testng.reporters.JUnitReportReporter -->
<testsuite hostname="DESKTOP-AELALK6" failures="0" tests="2" name="oAuth2.oAuthExampleTest" time="2.384" errors="0" timestamp="2025-11-15T07:06:52 IST" skipped="0">
  <testcase classname="oAuth2.oAuthExampleTest" name="getInvoice" time="1.123"/>
  <system-out/>
  <testcase classname="oAuth2.oAuthExampleTest" name="generateToken" time="1.261"/>
  <system-out/>
</testsuite> <!-- oAuth2.oAuthExampleTest -->
