<?xml version="1.0" encoding="UTF-8"?>
<!-- Generated by org.testng.reporters.JUnitReportReporter -->
<testsuite hostname="DESKTOP-AELALK6" failures="0" tests="2" name="APIMethods.PUTExampleTest" time="0.726" errors="0" timestamp="2025-11-15T07:06:52 IST" skipped="0">
  <testcase classname="APIMethods.PUTExampleTest" name="testPOSTMethod2" time="0.282"/>
  <system-out/>
  <testcase classname="APIMethods.PUTExampleTest" name="testPUTMethod1" time="0.444"/>
  <system-out/>
</testsuite> <!-- APIMethods.PUTExampleTest -->
