<?xml version="1.0" encoding="UTF-8"?>
<!-- Generated by org.testng.reporters.JUnitReportReporter -->
<testsuite hostname="DESKTOP-AELALK6" failures="0" tests="2" name="Authorizations.basicAuthExampleTest" time="5.180" errors="0" timestamp="2025-11-15T07:06:52 IST" skipped="0">
  <testcase classname="Authorizations.basicAuthExampleTest" name="preEmptiveExample" time="2.856"/>
  <system-out/>
  <testcase classname="Authorizations.basicAuthExampleTest" name="NonPreEmptiveExample" time="2.324"/>
  <system-out/>
</testsuite> <!-- Authorizations.basicAuthExampleTest -->
